[1.404s] DEBUG:colcon:Command line arguments: ['/usr/bin/colcon', 'build', '--symlink-install']
[1.404s] DEBUG:colcon:Parsed command line arguments: Namespace(allow_overriding=[], ament_cmake_args=None, base_paths=['.'], build_base='build', catkin_cmake_args=None, catkin_skip_building_tests=False, cmake_args=None, cmake_clean_cache=False, cmake_clean_first=False, cmake_force_configure=False, cmake_target=None, cmake_target_skip_unavailable=False, continue_on_error=False, event_handlers=None, executor='parallel', ignore_user_meta=False, install_base='install', log_base=None, log_level=None, main=<bound method BuildVerb.main of <colcon_core.verb.build.BuildVerb object at 0xffff8b6f1100>>, merge_install=False, metas=['./colcon.meta'], mixin=None, mixin_files=None, mixin_verb=('build',), packages_above=None, packages_above_and_dependencies=None, packages_above_depth=None, packages_end=None, packages_ignore=None, packages_ignore_regex=None, packages_select=None, packages_select_build_failed=False, packages_select_by_dep=None, packages_select_regex=None, packages_select_test_failures=False, packages_skip=None, packages_skip_build_finished=False, packages_skip_by_dep=None, packages_skip_regex=None, packages_skip_test_passed=False, packages_skip_up_to=None, packages_start=None, packages_up_to=None, packages_up_to_regex=None, parallel_workers=4, paths=None, symlink_install=True, test_result_base=None, verb_extension=<colcon_core.verb.build.BuildVerb object at 0xffff8b6f1100>, verb_name='build', verb_parser=<colcon_mixin.mixin.mixin_argument.MixinArgumentDecorator object at 0xffff8b642760>)
[2.219s] Level 1:colcon.colcon_core.package_discovery:discover_packages(colcon_meta) check parameters
[2.219s] Level 1:colcon.colcon_core.package_discovery:discover_packages(recursive) check parameters
[2.220s] Level 1:colcon.colcon_core.package_discovery:discover_packages(ignore) check parameters
[2.220s] Level 1:colcon.colcon_core.package_discovery:discover_packages(path) check parameters
[2.220s] Level 1:colcon.colcon_core.package_discovery:discover_packages(colcon_meta) discover
[2.220s] Level 1:colcon.colcon_core.package_discovery:discover_packages(recursive) discover
[2.220s] INFO:colcon.colcon_core.package_discovery:Crawling recursively for packages in '/home/ubuntu/robot_ws/src/articubot_one'
[2.221s] Level 1:colcon.colcon_core.package_identification:_identify(.) by extensions ['ignore', 'ignore_ament_install']
[2.221s] Level 1:colcon.colcon_core.package_identification:_identify(.) by extension 'ignore'
[2.221s] Level 1:colcon.colcon_core.package_identification:_identify(.) by extension 'ignore_ament_install'
[2.222s] Level 1:colcon.colcon_core.package_identification:_identify(.) by extensions ['colcon_pkg']
[2.222s] Level 1:colcon.colcon_core.package_identification:_identify(.) by extension 'colcon_pkg'
[2.222s] Level 1:colcon.colcon_core.package_identification:_identify(.) by extensions ['colcon_meta']
[2.222s] Level 1:colcon.colcon_core.package_identification:_identify(.) by extension 'colcon_meta'
[2.223s] Level 1:colcon.colcon_core.package_identification:_identify(.) by extensions ['ros']
[2.223s] Level 1:colcon.colcon_core.package_identification:_identify(.) by extension 'ros'
[2.305s] DEBUG:colcon.colcon_core.package_identification:Package '.' with type 'ros.ament_cmake' and name 'articubot_one'
[2.306s] Level 1:colcon.colcon_core.package_discovery:discover_packages(recursive) using defaults
[2.306s] Level 1:colcon.colcon_core.package_discovery:discover_packages(ignore) discover
[2.306s] Level 1:colcon.colcon_core.package_discovery:discover_packages(ignore) using defaults
[2.307s] Level 1:colcon.colcon_core.package_discovery:discover_packages(path) discover
[2.307s] Level 1:colcon.colcon_core.package_discovery:discover_packages(path) using defaults
[2.401s] Level 1:colcon.colcon_core.package_discovery:discover_packages(prefix_path) check parameters
[2.402s] Level 1:colcon.colcon_core.package_discovery:discover_packages(prefix_path) discover
[2.418s] DEBUG:colcon.colcon_installed_package_information.package_discovery:Found 1 installed packages in /home/ubuntu/ros2_ws/install
[2.429s] DEBUG:colcon.colcon_installed_package_information.package_discovery:Found 330 installed packages in /opt/ros/foxy
[2.482s] Level 1:colcon.colcon_core.package_discovery:discover_packages(prefix_path) using defaults
[2.964s] Level 5:colcon.colcon_core.verb:set package 'articubot_one' build argument 'cmake_args' from command line to 'None'
[2.964s] Level 5:colcon.colcon_core.verb:set package 'articubot_one' build argument 'cmake_target' from command line to 'None'
[2.964s] Level 5:colcon.colcon_core.verb:set package 'articubot_one' build argument 'cmake_target_skip_unavailable' from command line to 'False'
[2.964s] Level 5:colcon.colcon_core.verb:set package 'articubot_one' build argument 'cmake_clean_cache' from command line to 'False'
[2.964s] Level 5:colcon.colcon_core.verb:set package 'articubot_one' build argument 'cmake_clean_first' from command line to 'False'
[2.964s] Level 5:colcon.colcon_core.verb:set package 'articubot_one' build argument 'cmake_force_configure' from command line to 'False'
[2.964s] Level 5:colcon.colcon_core.verb:set package 'articubot_one' build argument 'ament_cmake_args' from command line to 'None'
[2.964s] Level 5:colcon.colcon_core.verb:set package 'articubot_one' build argument 'catkin_cmake_args' from command line to 'None'
[2.965s] Level 5:colcon.colcon_core.verb:set package 'articubot_one' build argument 'catkin_skip_building_tests' from command line to 'False'
[2.965s] DEBUG:colcon.colcon_core.verb:Building package 'articubot_one' with the following arguments: {'ament_cmake_args': None, 'build_base': '/home/ubuntu/robot_ws/src/articubot_one/build/articubot_one', 'catkin_cmake_args': None, 'catkin_skip_building_tests': False, 'cmake_args': None, 'cmake_clean_cache': False, 'cmake_clean_first': False, 'cmake_force_configure': False, 'cmake_target': None, 'cmake_target_skip_unavailable': False, 'install_base': '/home/ubuntu/robot_ws/src/articubot_one/install/articubot_one', 'merge_install': False, 'path': '/home/ubuntu/robot_ws/src/articubot_one', 'symlink_install': True, 'test_result_base': None}
[2.965s] INFO:colcon.colcon_core.executor:Executing jobs using 'parallel' executor
[2.969s] DEBUG:colcon.colcon_parallel_executor.executor.parallel:run_until_complete
[2.970s] INFO:colcon.colcon_ros.task.ament_cmake.build:Building ROS package in '/home/ubuntu/robot_ws/src/articubot_one' with build type 'ament_cmake'
[2.970s] INFO:colcon.colcon_cmake.task.cmake.build:Building CMake package in '/home/ubuntu/robot_ws/src/articubot_one'
[2.995s] INFO:colcon.colcon_core.plugin_system:Skipping extension 'colcon_core.shell.bat': Not used on non-Windows systems
[2.997s] INFO:colcon.colcon_core.shell:Skip shell extension 'powershell' for command environment: Not usable outside of PowerShell
[2.997s] DEBUG:colcon.colcon_core.shell:Skip shell extension 'dsv' for command environment
[3.045s] DEBUG:colcon.colcon_core.event_handler.log_command:Invoking command in '/home/ubuntu/robot_ws/src/articubot_one/build/articubot_one': CMAKE_PREFIX_PATH=${CMAKE_PREFIX_PATH}:/opt/ros/foxy /usr/bin/cmake /home/ubuntu/robot_ws/src/articubot_one -DAMENT_CMAKE_SYMLINK_INSTALL=1 -DCMAKE_INSTALL_PREFIX=/home/ubuntu/robot_ws/src/articubot_one/install/articubot_one
[8.592s] DEBUG:colcon.colcon_core.event_handler.log_command:Invoked command in '/home/ubuntu/robot_ws/src/articubot_one/build/articubot_one' returned '0': CMAKE_PREFIX_PATH=${CMAKE_PREFIX_PATH}:/opt/ros/foxy /usr/bin/cmake /home/ubuntu/robot_ws/src/articubot_one -DAMENT_CMAKE_SYMLINK_INSTALL=1 -DCMAKE_INSTALL_PREFIX=/home/ubuntu/robot_ws/src/articubot_one/install/articubot_one
[8.605s] DEBUG:colcon.colcon_core.event_handler.log_command:Invoking command in '/home/ubuntu/robot_ws/src/articubot_one/build/articubot_one': CMAKE_PREFIX_PATH=${CMAKE_PREFIX_PATH}:/opt/ros/foxy /usr/bin/cmake --build /home/ubuntu/robot_ws/src/articubot_one/build/articubot_one -- -j4 -l4
[8.770s] DEBUG:colcon.colcon_core.event_handler.log_command:Invoked command in '/home/ubuntu/robot_ws/src/articubot_one/build/articubot_one' returned '0': CMAKE_PREFIX_PATH=${CMAKE_PREFIX_PATH}:/opt/ros/foxy /usr/bin/cmake --build /home/ubuntu/robot_ws/src/articubot_one/build/articubot_one -- -j4 -l4
[8.825s] DEBUG:colcon.colcon_core.event_handler.log_command:Invoking command in '/home/ubuntu/robot_ws/src/articubot_one/build/articubot_one': CMAKE_PREFIX_PATH=${CMAKE_PREFIX_PATH}:/opt/ros/foxy /usr/bin/cmake --install /home/ubuntu/robot_ws/src/articubot_one/build/articubot_one
[10.731s] Level 1:colcon.colcon_core.environment:create_environment_scripts_only(articubot_one)
[10.733s] DEBUG:colcon.colcon_core.event_handler.log_command:Invoked command in '/home/ubuntu/robot_ws/src/articubot_one/build/articubot_one' returned '0': CMAKE_PREFIX_PATH=${CMAKE_PREFIX_PATH}:/opt/ros/foxy /usr/bin/cmake --install /home/ubuntu/robot_ws/src/articubot_one/build/articubot_one
[10.763s] Level 1:colcon.colcon_core.environment:checking '/home/ubuntu/robot_ws/src/articubot_one/install/articubot_one' for CMake module files
[10.766s] Level 1:colcon.colcon_core.environment:checking '/home/ubuntu/robot_ws/src/articubot_one/install/articubot_one' for CMake config files
[10.769s] Level 1:colcon.colcon_core.shell:create_environment_hook('articubot_one', 'cmake_prefix_path')
[10.772s] INFO:colcon.colcon_core.shell:Creating environment hook '/home/ubuntu/robot_ws/src/articubot_one/install/articubot_one/share/articubot_one/hook/cmake_prefix_path.ps1'
[10.776s] INFO:colcon.colcon_core.shell:Creating environment descriptor '/home/ubuntu/robot_ws/src/articubot_one/install/articubot_one/share/articubot_one/hook/cmake_prefix_path.dsv'
[10.779s] INFO:colcon.colcon_core.shell:Creating environment hook '/home/ubuntu/robot_ws/src/articubot_one/install/articubot_one/share/articubot_one/hook/cmake_prefix_path.sh'
[10.786s] Level 1:colcon.colcon_core.environment:checking '/home/ubuntu/robot_ws/src/articubot_one/install/articubot_one/bin'
[10.787s] Level 1:colcon.colcon_core.environment:checking '/home/ubuntu/robot_ws/src/articubot_one/install/articubot_one/lib/pkgconfig/articubot_one.pc'
[10.787s] Level 1:colcon.colcon_core.environment:checking '/home/ubuntu/robot_ws/src/articubot_one/install/articubot_one/lib/python3.8/site-packages'
[10.788s] Level 1:colcon.colcon_core.environment:checking '/home/ubuntu/robot_ws/src/articubot_one/install/articubot_one/bin'
[10.790s] INFO:colcon.colcon_core.shell:Creating package script '/home/ubuntu/robot_ws/src/articubot_one/install/articubot_one/share/articubot_one/package.ps1'
[10.794s] INFO:colcon.colcon_core.shell:Creating package descriptor '/home/ubuntu/robot_ws/src/articubot_one/install/articubot_one/share/articubot_one/package.dsv'
[10.797s] INFO:colcon.colcon_core.shell:Creating package script '/home/ubuntu/robot_ws/src/articubot_one/install/articubot_one/share/articubot_one/package.sh'
[10.801s] INFO:colcon.colcon_core.shell:Creating package script '/home/ubuntu/robot_ws/src/articubot_one/install/articubot_one/share/articubot_one/package.bash'
[10.806s] INFO:colcon.colcon_core.shell:Creating package script '/home/ubuntu/robot_ws/src/articubot_one/install/articubot_one/share/articubot_one/package.zsh'
[10.810s] Level 1:colcon.colcon_core.environment:create_file_with_runtime_dependencies(/home/ubuntu/robot_ws/src/articubot_one/install/articubot_one/share/colcon-core/packages/articubot_one)
[10.813s] Level 1:colcon.colcon_core.environment:create_environment_scripts_only(articubot_one)
[10.814s] Level 1:colcon.colcon_core.environment:checking '/home/ubuntu/robot_ws/src/articubot_one/install/articubot_one' for CMake module files
[10.817s] Level 1:colcon.colcon_core.environment:checking '/home/ubuntu/robot_ws/src/articubot_one/install/articubot_one' for CMake config files
[10.820s] Level 1:colcon.colcon_core.shell:create_environment_hook('articubot_one', 'cmake_prefix_path')
[10.821s] INFO:colcon.colcon_core.shell:Creating environment hook '/home/ubuntu/robot_ws/src/articubot_one/install/articubot_one/share/articubot_one/hook/cmake_prefix_path.ps1'
[10.823s] INFO:colcon.colcon_core.shell:Creating environment descriptor '/home/ubuntu/robot_ws/src/articubot_one/install/articubot_one/share/articubot_one/hook/cmake_prefix_path.dsv'
[10.825s] INFO:colcon.colcon_core.shell:Creating environment hook '/home/ubuntu/robot_ws/src/articubot_one/install/articubot_one/share/articubot_one/hook/cmake_prefix_path.sh'
[10.827s] Level 1:colcon.colcon_core.environment:checking '/home/ubuntu/robot_ws/src/articubot_one/install/articubot_one/bin'
[10.828s] Level 1:colcon.colcon_core.environment:checking '/home/ubuntu/robot_ws/src/articubot_one/install/articubot_one/lib/pkgconfig/articubot_one.pc'
[10.829s] Level 1:colcon.colcon_core.environment:checking '/home/ubuntu/robot_ws/src/articubot_one/install/articubot_one/lib/python3.8/site-packages'
[10.829s] Level 1:colcon.colcon_core.environment:checking '/home/ubuntu/robot_ws/src/articubot_one/install/articubot_one/bin'
[10.831s] INFO:colcon.colcon_core.shell:Creating package script '/home/ubuntu/robot_ws/src/articubot_one/install/articubot_one/share/articubot_one/package.ps1'
[10.833s] INFO:colcon.colcon_core.shell:Creating package descriptor '/home/ubuntu/robot_ws/src/articubot_one/install/articubot_one/share/articubot_one/package.dsv'
[10.836s] INFO:colcon.colcon_core.shell:Creating package script '/home/ubuntu/robot_ws/src/articubot_one/install/articubot_one/share/articubot_one/package.sh'
[10.838s] INFO:colcon.colcon_core.shell:Creating package script '/home/ubuntu/robot_ws/src/articubot_one/install/articubot_one/share/articubot_one/package.bash'
[10.840s] INFO:colcon.colcon_core.shell:Creating package script '/home/ubuntu/robot_ws/src/articubot_one/install/articubot_one/share/articubot_one/package.zsh'
[10.842s] Level 1:colcon.colcon_core.environment:create_file_with_runtime_dependencies(/home/ubuntu/robot_ws/src/articubot_one/install/articubot_one/share/colcon-core/packages/articubot_one)
[10.844s] DEBUG:colcon.colcon_parallel_executor.executor.parallel:closing loop
[10.845s] DEBUG:colcon.colcon_parallel_executor.executor.parallel:loop closed
[10.846s] DEBUG:colcon.colcon_parallel_executor.executor.parallel:run_until_complete finished with '0'
[10.846s] DEBUG:colcon.colcon_core.event_reactor:joining thread
[10.881s] INFO:colcon.colcon_core.plugin_system:Skipping extension 'colcon_notification.desktop_notification.terminal_notifier': Not used on non-Darwin systems
[10.882s] INFO:colcon.colcon_core.plugin_system:Skipping extension 'colcon_notification.desktop_notification.win32': Not used on non-Windows systems
[10.883s] INFO:colcon.colcon_notification.desktop_notification:Sending desktop notification using 'notify2'
[10.963s] DEBUG:colcon.colcon_core.event_reactor:joined thread
[10.964s] INFO:colcon.colcon_core.shell:Creating prefix script '/home/ubuntu/robot_ws/src/articubot_one/install/local_setup.ps1'
[10.977s] INFO:colcon.colcon_core.shell:Creating prefix util module '/home/ubuntu/robot_ws/src/articubot_one/install/_local_setup_util_ps1.py'
[11.002s] INFO:colcon.colcon_core.shell:Creating prefix chain script '/home/ubuntu/robot_ws/src/articubot_one/install/setup.ps1'
[11.019s] INFO:colcon.colcon_core.shell:Creating prefix script '/home/ubuntu/robot_ws/src/articubot_one/install/local_setup.sh'
[11.024s] INFO:colcon.colcon_core.shell:Creating prefix util module '/home/ubuntu/robot_ws/src/articubot_one/install/_local_setup_util_sh.py'
[11.027s] INFO:colcon.colcon_core.shell:Creating prefix chain script '/home/ubuntu/robot_ws/src/articubot_one/install/setup.sh'
[11.034s] INFO:colcon.colcon_core.shell:Creating prefix script '/home/ubuntu/robot_ws/src/articubot_one/install/local_setup.bash'
[11.038s] INFO:colcon.colcon_core.shell:Creating prefix chain script '/home/ubuntu/robot_ws/src/articubot_one/install/setup.bash'
[11.052s] INFO:colcon.colcon_core.shell:Creating prefix script '/home/ubuntu/robot_ws/src/articubot_one/install/local_setup.zsh'
[11.056s] INFO:colcon.colcon_core.shell:Creating prefix chain script '/home/ubuntu/robot_ws/src/articubot_one/install/setup.zsh'
